<?xml version="1.0" encoding="UTF-8"?>
<testsuite xmlns:xsi="http://www.w3.org/2001/XMLSchema-instance" xsi:noNamespaceSchemaLocation="https://maven.apache.org/surefire/maven-surefire-plugin/xsd/surefire-test-report.xsd" name="com.example.demo.FeatureTest" time="0.039" tests="7" errors="0" skipped="0" failures="0">
  <properties>
[...]
</properties>
  <testcase name="testDependencyInjection" classname="com.example.demo.FeatureTest" time="0.004"/>
  <testcase name="testAnnotationAboveMethod" classname="com.example.demo.FeatureTest" time="0.004"/>
  <testcase name="testAnnotationAboveController" classname="com.example.demo.FeatureTest" time="0.003"/>
  <testcase name="testAnnotationAboveService" classname="com.example.demo.FeatureTest" time="0.001"/>
  <testcase name="test2AnnotationValueAboveMethod" classname="com.example.demo.FeatureTest" time="0"/>
  <testcase name="test2AnnotationAboveMethod" classname="com.example.demo.FeatureTest" time="0.001"/>
  <testcase name="testAnnotationValueAboveMethod" classname="com.example.demo.FeatureTest" time="0"/>
</testsuite>